0 info it worked if it ends with ok
1 verbose cli [ '/usr/bin/nodejs', '/usr/bin/npm', 'run', 'frontend:webpack' ]
2 info using npm@3.5.2
3 info using node@v4.2.6
4 verbose run-script [ 'prefrontend:webpack',
4 verbose run-script   'frontend:webpack',
4 verbose run-script   'postfrontend:webpack' ]
5 info lifecycle memcode@1.0.0~prefrontend:webpack: memcode@1.0.0
6 silly lifecycle memcode@1.0.0~prefrontend:webpack: no script for prefrontend:webpack, continuing
7 info lifecycle memcode@1.0.0~frontend:webpack: memcode@1.0.0
8 verbose lifecycle memcode@1.0.0~frontend:webpack: unsafe-perm in lifecycle true
9 verbose lifecycle memcode@1.0.0~frontend:webpack: PATH: /usr/share/npm/bin/node-gyp-bin:/home/lakesare/Desktop/memcode/node_modules/.bin:/usr/local/heroku/bin:/home/lakesare/.gem/ruby/2.3.1/bin:/home/lakesare/.rubies/ruby-2.3.1/lib/ruby/gems/2.3.0/bin:/home/lakesare/.rubies/ruby-2.3.1/bin:/usr/local/sbin:/usr/local/bin:/usr/sbin:/usr/bin:/sbin:/bin:/usr/games:/usr/local/games:/snap/bin:/home/lakesare/.rvm/bin:/usr/local/android-sdk-linux/tools:/usr/local/android-sdk-linux/platform-tools
10 verbose lifecycle memcode@1.0.0~frontend:webpack: CWD: /home/lakesare/Desktop/memcode
11 silly lifecycle memcode@1.0.0~frontend:webpack: Args: [ '-c', 'cd frontend; webpack -w' ]
12 silly lifecycle memcode@1.0.0~frontend:webpack: Returned: code: 1  signal: null
13 info lifecycle memcode@1.0.0~frontend:webpack: Failed to exec frontend:webpack script
14 verbose stack Error: memcode@1.0.0 frontend:webpack: `cd frontend; webpack -w`
14 verbose stack Exit status 1
14 verbose stack     at EventEmitter.<anonymous> (/usr/share/npm/lib/utils/lifecycle.js:232:16)
14 verbose stack     at emitTwo (events.js:87:13)
14 verbose stack     at EventEmitter.emit (events.js:172:7)
14 verbose stack     at ChildProcess.<anonymous> (/usr/share/npm/lib/utils/spawn.js:24:14)
14 verbose stack     at emitTwo (events.js:87:13)
14 verbose stack     at ChildProcess.emit (events.js:172:7)
14 verbose stack     at maybeClose (internal/child_process.js:821:16)
14 verbose stack     at Process.ChildProcess._handle.onexit (internal/child_process.js:211:5)
15 verbose pkgid memcode@1.0.0
16 verbose cwd /home/lakesare/Desktop/memcode
17 error Linux 4.6.3-040603-generic
18 error argv "/usr/bin/nodejs" "/usr/bin/npm" "run" "frontend:webpack"
19 error node v4.2.6
20 error npm  v3.5.2
21 error code ELIFECYCLE
22 error memcode@1.0.0 frontend:webpack: `cd frontend; webpack -w`
22 error Exit status 1
23 error Failed at the memcode@1.0.0 frontend:webpack script 'cd frontend; webpack -w'.
23 error Make sure you have the latest version of node.js and npm installed.
23 error If you do, this is most likely a problem with the memcode package,
23 error not with npm itself.
23 error Tell the author that this fails on your system:
23 error     cd frontend; webpack -w
23 error You can get information on how to open an issue for this project with:
23 error     npm bugs memcode
23 error Or if that isn't available, you can get their info via:
23 error     npm owner ls memcode
23 error There is likely additional logging output above.
24 verbose exit [ 1, true ]
